In file included from [01m[K/home/ur3/multi-camera-ros/catkin_ws_camera/src/aruco_ros-noetic-devel/aruco/include/aruco/fractaldetector.h:20[m[K,
                 from [01m[K/home/ur3/multi-camera-ros/catkin_ws_camera/src/aruco_ros-noetic-devel/aruco/include/aruco/aruco.h:18[m[K,
                 from [01m[K/home/ur3/multi-camera-ros/catkin_ws_camera/src/aruco_ros-noetic-devel/aruco_ros/include/aruco_ros/aruco_ros_utils.h:4[m[K,
                 from [01m[K/home/ur3/multi-camera-ros/catkin_ws_camera/src/marker_viz/src/test_viz.cpp:3[m[K:
[01m[K/home/ur3/multi-camera-ros/catkin_ws_camera/src/aruco_ros-noetic-devel/aruco/include/aruco/markerdetector.h:21:10:[m[K [01;31m[Kfatal error: [m[Kopencv2/core/core.hpp: No such file or directory
   21 | #include [01;31m[K<opencv2/core/core.hpp>[m[K
      |          [01;31m[K^~~~~~~~~~~~~~~~~~~~~~~[m[K
compilation terminated.
make[2]: *** [CMakeFiles/test_viz.dir/build.make:63: CMakeFiles/test_viz.dir/src/test_viz.cpp.o] Error 1
make[1]: *** [CMakeFiles/Makefile2:1650: CMakeFiles/test_viz.dir/all] Error 2
make: *** [Makefile:141: all] Error 2
